
*** Running vivado
    with args -log steel_spx.vds -m64 -product Vivado -mode batch -messageDb vivado.pb -notrace -source steel_spx.tcl



****** Vivado v2022.2 (64-bit)
  **** SW Build 3671981 on Fri Oct 14 05:00:03 MDT 2022
  **** IP Build 3669848 on Fri Oct 14 08:30:02 MDT 2022
    ** Copyright 1986-2022 Xilinx, Inc. All Rights Reserved.

source steel_spx.tcl -notrace
Command: read_checkpoint -auto_incremental -incremental C:/Users/Jonathan/OneDrive/Escritorio/steel_spx/steel_spx.srcs/utils_1/imports/synth_1/steel_spx.dcp
INFO: [Vivado 12-5825] Read reference checkpoint from C:/Users/Jonathan/OneDrive/Escritorio/steel_spx/steel_spx.srcs/utils_1/imports/synth_1/steel_spx.dcp for incremental synthesis
INFO: [Vivado 12-7989] Please ensure there are no constraint changes
Command: synth_design -top steel_spx -part xc7s50csga324-1
Starting synth_design
Attempting to get a license for feature 'Synthesis' and/or device 'xc7s50'
INFO: [Common 17-349] Got license for feature 'Synthesis' and/or device 'xc7s50'
INFO: [Device 21-403] Loading part xc7s50csga324-1
INFO: [Synth 8-7079] Multithreading enabled for synth_design using a maximum of 2 processes.
INFO: [Synth 8-7078] Launching helper process for spawning children vivado processes
INFO: [Synth 8-7075] Helper process launched with PID 11736
INFO: [Synth 8-11241] undeclared symbol 'REGCCE', assumed default net type 'wire' [D:/Xilinx/Vivado/2022.2/data/verilog/src/unimacro/BRAM_SINGLE_MACRO.v:2170]
INFO: [Synth 8-11241] undeclared symbol 'misaligned_word', assumed default net type 'wire' [C:/Users/Jonathan/OneDrive/Escritorio/steel_spx/steel_spx.srcs/sources_1/new/riscv_steel_core.v:364]
INFO: [Synth 8-11241] undeclared symbol 'misaligned_half', assumed default net type 'wire' [C:/Users/Jonathan/OneDrive/Escritorio/steel_spx/steel_spx.srcs/sources_1/new/riscv_steel_core.v:368]
INFO: [Synth 8-11241] undeclared symbol 'misaligned', assumed default net type 'wire' [C:/Users/Jonathan/OneDrive/Escritorio/steel_spx/steel_spx.srcs/sources_1/new/riscv_steel_core.v:372]
INFO: [Synth 8-11241] undeclared symbol 'branch_type', assumed default net type 'wire' [C:/Users/Jonathan/OneDrive/Escritorio/steel_spx/steel_spx.srcs/sources_1/new/riscv_steel_core.v:1135]
INFO: [Synth 8-11241] undeclared symbol 'jal_type', assumed default net type 'wire' [C:/Users/Jonathan/OneDrive/Escritorio/steel_spx/steel_spx.srcs/sources_1/new/riscv_steel_core.v:1136]
INFO: [Synth 8-11241] undeclared symbol 'jalr_type', assumed default net type 'wire' [C:/Users/Jonathan/OneDrive/Escritorio/steel_spx/steel_spx.srcs/sources_1/new/riscv_steel_core.v:1137]
INFO: [Synth 8-11241] undeclared symbol 'auipc_type', assumed default net type 'wire' [C:/Users/Jonathan/OneDrive/Escritorio/steel_spx/steel_spx.srcs/sources_1/new/riscv_steel_core.v:1138]
INFO: [Synth 8-11241] undeclared symbol 'lui_type', assumed default net type 'wire' [C:/Users/Jonathan/OneDrive/Escritorio/steel_spx/steel_spx.srcs/sources_1/new/riscv_steel_core.v:1139]
INFO: [Synth 8-11241] undeclared symbol 'load_type', assumed default net type 'wire' [C:/Users/Jonathan/OneDrive/Escritorio/steel_spx/steel_spx.srcs/sources_1/new/riscv_steel_core.v:1140]
INFO: [Synth 8-11241] undeclared symbol 'store_type', assumed default net type 'wire' [C:/Users/Jonathan/OneDrive/Escritorio/steel_spx/steel_spx.srcs/sources_1/new/riscv_steel_core.v:1141]
INFO: [Synth 8-11241] undeclared symbol 'system_type', assumed default net type 'wire' [C:/Users/Jonathan/OneDrive/Escritorio/steel_spx/steel_spx.srcs/sources_1/new/riscv_steel_core.v:1142]
INFO: [Synth 8-11241] undeclared symbol 'op_type', assumed default net type 'wire' [C:/Users/Jonathan/OneDrive/Escritorio/steel_spx/steel_spx.srcs/sources_1/new/riscv_steel_core.v:1143]
INFO: [Synth 8-11241] undeclared symbol 'op_imm_type', assumed default net type 'wire' [C:/Users/Jonathan/OneDrive/Escritorio/steel_spx/steel_spx.srcs/sources_1/new/riscv_steel_core.v:1144]
INFO: [Synth 8-11241] undeclared symbol 'nop_type', assumed default net type 'wire' [C:/Users/Jonathan/OneDrive/Escritorio/steel_spx/steel_spx.srcs/sources_1/new/riscv_steel_core.v:1145]
INFO: [Synth 8-11241] undeclared symbol 'misc_mem_type', assumed default net type 'wire' [C:/Users/Jonathan/OneDrive/Escritorio/steel_spx/steel_spx.srcs/sources_1/new/riscv_steel_core.v:1147]
INFO: [Synth 8-11241] undeclared symbol 'flw_type', assumed default net type 'wire' [C:/Users/Jonathan/OneDrive/Escritorio/steel_spx/steel_spx.srcs/sources_1/new/riscv_steel_core.v:1149]
INFO: [Synth 8-11241] undeclared symbol 'fsw_type', assumed default net type 'wire' [C:/Users/Jonathan/OneDrive/Escritorio/steel_spx/steel_spx.srcs/sources_1/new/riscv_steel_core.v:1150]
INFO: [Synth 8-11241] undeclared symbol 'keccak_type', assumed default net type 'wire' [C:/Users/Jonathan/OneDrive/Escritorio/steel_spx/steel_spx.srcs/sources_1/new/riscv_steel_core.v:1151]
INFO: [Synth 8-11241] undeclared symbol 'haraka_type', assumed default net type 'wire' [C:/Users/Jonathan/OneDrive/Escritorio/steel_spx/steel_spx.srcs/sources_1/new/riscv_steel_core.v:1153]
INFO: [Synth 8-11241] undeclared symbol 'addi', assumed default net type 'wire' [C:/Users/Jonathan/OneDrive/Escritorio/steel_spx/steel_spx.srcs/sources_1/new/riscv_steel_core.v:1162]
INFO: [Synth 8-11241] undeclared symbol 'slti', assumed default net type 'wire' [C:/Users/Jonathan/OneDrive/Escritorio/steel_spx/steel_spx.srcs/sources_1/new/riscv_steel_core.v:1163]
INFO: [Synth 8-11241] undeclared symbol 'sltiu', assumed default net type 'wire' [C:/Users/Jonathan/OneDrive/Escritorio/steel_spx/steel_spx.srcs/sources_1/new/riscv_steel_core.v:1164]
INFO: [Synth 8-11241] undeclared symbol 'andi', assumed default net type 'wire' [C:/Users/Jonathan/OneDrive/Escritorio/steel_spx/steel_spx.srcs/sources_1/new/riscv_steel_core.v:1165]
INFO: [Synth 8-11241] undeclared symbol 'ori', assumed default net type 'wire' [C:/Users/Jonathan/OneDrive/Escritorio/steel_spx/steel_spx.srcs/sources_1/new/riscv_steel_core.v:1166]
INFO: [Synth 8-11241] undeclared symbol 'xori', assumed default net type 'wire' [C:/Users/Jonathan/OneDrive/Escritorio/steel_spx/steel_spx.srcs/sources_1/new/riscv_steel_core.v:1167]
INFO: [Synth 8-11241] undeclared symbol 'slli', assumed default net type 'wire' [C:/Users/Jonathan/OneDrive/Escritorio/steel_spx/steel_spx.srcs/sources_1/new/riscv_steel_core.v:1168]
INFO: [Synth 8-11241] undeclared symbol 'srli', assumed default net type 'wire' [C:/Users/Jonathan/OneDrive/Escritorio/steel_spx/steel_spx.srcs/sources_1/new/riscv_steel_core.v:1170]
INFO: [Synth 8-11241] undeclared symbol 'srai', assumed default net type 'wire' [C:/Users/Jonathan/OneDrive/Escritorio/steel_spx/steel_spx.srcs/sources_1/new/riscv_steel_core.v:1172]
INFO: [Synth 8-11241] undeclared symbol 'add', assumed default net type 'wire' [C:/Users/Jonathan/OneDrive/Escritorio/steel_spx/steel_spx.srcs/sources_1/new/riscv_steel_core.v:1174]
INFO: [Synth 8-11241] undeclared symbol 'sub', assumed default net type 'wire' [C:/Users/Jonathan/OneDrive/Escritorio/steel_spx/steel_spx.srcs/sources_1/new/riscv_steel_core.v:1176]
INFO: [Synth 8-11241] undeclared symbol 'slt', assumed default net type 'wire' [C:/Users/Jonathan/OneDrive/Escritorio/steel_spx/steel_spx.srcs/sources_1/new/riscv_steel_core.v:1178]
INFO: [Synth 8-11241] undeclared symbol 'sltu', assumed default net type 'wire' [C:/Users/Jonathan/OneDrive/Escritorio/steel_spx/steel_spx.srcs/sources_1/new/riscv_steel_core.v:1180]
INFO: [Synth 8-11241] undeclared symbol 'is_and', assumed default net type 'wire' [C:/Users/Jonathan/OneDrive/Escritorio/steel_spx/steel_spx.srcs/sources_1/new/riscv_steel_core.v:1182]
INFO: [Synth 8-11241] undeclared symbol 'is_or', assumed default net type 'wire' [C:/Users/Jonathan/OneDrive/Escritorio/steel_spx/steel_spx.srcs/sources_1/new/riscv_steel_core.v:1184]
INFO: [Synth 8-11241] undeclared symbol 'is_xor', assumed default net type 'wire' [C:/Users/Jonathan/OneDrive/Escritorio/steel_spx/steel_spx.srcs/sources_1/new/riscv_steel_core.v:1186]
INFO: [Synth 8-11241] undeclared symbol 'sll', assumed default net type 'wire' [C:/Users/Jonathan/OneDrive/Escritorio/steel_spx/steel_spx.srcs/sources_1/new/riscv_steel_core.v:1188]
INFO: [Synth 8-11241] undeclared symbol 'srl', assumed default net type 'wire' [C:/Users/Jonathan/OneDrive/Escritorio/steel_spx/steel_spx.srcs/sources_1/new/riscv_steel_core.v:1190]
INFO: [Synth 8-11241] undeclared symbol 'sra', assumed default net type 'wire' [C:/Users/Jonathan/OneDrive/Escritorio/steel_spx/steel_spx.srcs/sources_1/new/riscv_steel_core.v:1192]
INFO: [Synth 8-11241] undeclared symbol 'csrxxx', assumed default net type 'wire' [C:/Users/Jonathan/OneDrive/Escritorio/steel_spx/steel_spx.srcs/sources_1/new/riscv_steel_core.v:1194]
INFO: [Synth 8-11241] undeclared symbol 'illegal_store', assumed default net type 'wire' [C:/Users/Jonathan/OneDrive/Escritorio/steel_spx/steel_spx.srcs/sources_1/new/riscv_steel_core.v:1216]
INFO: [Synth 8-11241] undeclared symbol 'illegal_load', assumed default net type 'wire' [C:/Users/Jonathan/OneDrive/Escritorio/steel_spx/steel_spx.srcs/sources_1/new/riscv_steel_core.v:1220]
INFO: [Synth 8-11241] undeclared symbol 'illegal_jalr', assumed default net type 'wire' [C:/Users/Jonathan/OneDrive/Escritorio/steel_spx/steel_spx.srcs/sources_1/new/riscv_steel_core.v:1225]
INFO: [Synth 8-11241] undeclared symbol 'illegal_branch', assumed default net type 'wire' [C:/Users/Jonathan/OneDrive/Escritorio/steel_spx/steel_spx.srcs/sources_1/new/riscv_steel_core.v:1228]
INFO: [Synth 8-11241] undeclared symbol 'illegal_op', assumed default net type 'wire' [C:/Users/Jonathan/OneDrive/Escritorio/steel_spx/steel_spx.srcs/sources_1/new/riscv_steel_core.v:1232]
INFO: [Synth 8-11241] undeclared symbol 'illegal_op_imm', assumed default net type 'wire' [C:/Users/Jonathan/OneDrive/Escritorio/steel_spx/steel_spx.srcs/sources_1/new/riscv_steel_core.v:1235]
INFO: [Synth 8-11241] undeclared symbol 'illegal_system', assumed default net type 'wire' [C:/Users/Jonathan/OneDrive/Escritorio/steel_spx/steel_spx.srcs/sources_1/new/riscv_steel_core.v:1238]
INFO: [Synth 8-11241] undeclared symbol 'unknown_type', assumed default net type 'wire' [C:/Users/Jonathan/OneDrive/Escritorio/steel_spx/steel_spx.srcs/sources_1/new/riscv_steel_core.v:1241]
INFO: [Synth 8-11241] undeclared symbol 'we', assumed default net type 'wire' [C:/Users/Jonathan/OneDrive/Escritorio/steel_spx/steel_spx.srcs/sources_1/new/riscv_steel_core.v:1291]
INFO: [Synth 8-11241] undeclared symbol 'interrupt_pending', assumed default net type 'wire' [C:/Users/Jonathan/OneDrive/Escritorio/steel_spx/steel_spx.srcs/sources_1/new/riscv_steel_core.v:1499]
INFO: [Synth 8-11241] undeclared symbol 'exception_pending', assumed default net type 'wire' [C:/Users/Jonathan/OneDrive/Escritorio/steel_spx/steel_spx.srcs/sources_1/new/riscv_steel_core.v:1504]
INFO: [Synth 8-11241] undeclared symbol 'base_address_offset', assumed default net type 'wire' [C:/Users/Jonathan/OneDrive/Escritorio/steel_spx/steel_spx.srcs/sources_1/new/riscv_steel_core.v:1862]
---------------------------------------------------------------------------------
Starting RTL Elaboration : Time (s): cpu = 00:00:04 ; elapsed = 00:00:05 . Memory (MB): peak = 1199.406 ; gain = 408.117
---------------------------------------------------------------------------------
INFO: [Synth 8-6157] synthesizing module 'steel_spx' [C:/Users/Jonathan/OneDrive/Escritorio/steel_spx/steel_spx.srcs/sources_1/new/steel_spx.v:23]
INFO: [Synth 8-6157] synthesizing module 'riscv_steel_core' [C:/Users/Jonathan/OneDrive/Escritorio/steel_spx/steel_spx.srcs/sources_1/new/riscv_steel_core.v:195]
INFO: [Synth 8-6157] synthesizing module 'data_fetch_store_unit' [C:/Users/Jonathan/OneDrive/Escritorio/steel_spx/steel_spx.srcs/sources_1/new/riscv_steel_core.v:932]
INFO: [Synth 8-6155] done synthesizing module 'data_fetch_store_unit' (0#1) [C:/Users/Jonathan/OneDrive/Escritorio/steel_spx/steel_spx.srcs/sources_1/new/riscv_steel_core.v:932]
INFO: [Synth 8-6157] synthesizing module 'decoder' [C:/Users/Jonathan/OneDrive/Escritorio/steel_spx/steel_spx.srcs/sources_1/new/riscv_steel_core.v:1087]
INFO: [Synth 8-6155] done synthesizing module 'decoder' (0#1) [C:/Users/Jonathan/OneDrive/Escritorio/steel_spx/steel_spx.srcs/sources_1/new/riscv_steel_core.v:1087]
INFO: [Synth 8-6157] synthesizing module 'hashes' [C:/Users/Jonathan/OneDrive/Escritorio/steel_spx/steel_spx.srcs/sources_1/new/hashes.sv:23]
INFO: [Synth 8-6157] synthesizing module 'keccak_f1600' [C:/Users/Jonathan/OneDrive/Escritorio/steel_spx/steel_spx.srcs/sources_1/new/keccak_f1600.sv:22]
INFO: [Synth 8-6155] done synthesizing module 'keccak_f1600' (0#1) [C:/Users/Jonathan/OneDrive/Escritorio/steel_spx/steel_spx.srcs/sources_1/new/keccak_f1600.sv:22]
INFO: [Synth 8-6155] done synthesizing module 'hashes' (0#1) [C:/Users/Jonathan/OneDrive/Escritorio/steel_spx/steel_spx.srcs/sources_1/new/hashes.sv:23]
INFO: [Synth 8-6157] synthesizing module 'imm_generator' [C:/Users/Jonathan/OneDrive/Escritorio/steel_spx/steel_spx.srcs/sources_1/new/riscv_steel_core.v:835]
INFO: [Synth 8-6155] done synthesizing module 'imm_generator' (0#1) [C:/Users/Jonathan/OneDrive/Escritorio/steel_spx/steel_spx.srcs/sources_1/new/riscv_steel_core.v:835]
INFO: [Synth 8-6157] synthesizing module 'branch_decision' [C:/Users/Jonathan/OneDrive/Escritorio/steel_spx/steel_spx.srcs/sources_1/new/riscv_steel_core.v:729]
INFO: [Synth 8-6155] done synthesizing module 'branch_decision' (0#1) [C:/Users/Jonathan/OneDrive/Escritorio/steel_spx/steel_spx.srcs/sources_1/new/riscv_steel_core.v:729]
INFO: [Synth 8-6157] synthesizing module 'register_file' [C:/Users/Jonathan/OneDrive/Escritorio/steel_spx/steel_spx.srcs/sources_1/new/register_file.sv:23]
INFO: [Synth 8-6155] done synthesizing module 'register_file' (0#1) [C:/Users/Jonathan/OneDrive/Escritorio/steel_spx/steel_spx.srcs/sources_1/new/register_file.sv:23]
INFO: [Synth 8-6157] synthesizing module 'csr_file' [C:/Users/Jonathan/OneDrive/Escritorio/steel_spx/steel_spx.srcs/sources_1/new/riscv_steel_core.v:1413]
INFO: [Synth 8-6155] done synthesizing module 'csr_file' (0#1) [C:/Users/Jonathan/OneDrive/Escritorio/steel_spx/steel_spx.srcs/sources_1/new/riscv_steel_core.v:1413]
INFO: [Synth 8-6157] synthesizing module 'load_unit' [C:/Users/Jonathan/OneDrive/Escritorio/steel_spx/steel_spx.srcs/sources_1/new/riscv_steel_core.v:1342]
INFO: [Synth 8-6155] done synthesizing module 'load_unit' (0#1) [C:/Users/Jonathan/OneDrive/Escritorio/steel_spx/steel_spx.srcs/sources_1/new/riscv_steel_core.v:1342]
INFO: [Synth 8-6157] synthesizing module 'rv32i_alu' [C:/Users/Jonathan/OneDrive/Escritorio/steel_spx/steel_spx.srcs/sources_1/new/riscv_steel_core.v:632]
INFO: [Synth 8-6155] done synthesizing module 'rv32i_alu' (0#1) [C:/Users/Jonathan/OneDrive/Escritorio/steel_spx/steel_spx.srcs/sources_1/new/riscv_steel_core.v:632]
INFO: [Synth 8-6155] done synthesizing module 'riscv_steel_core' (0#1) [C:/Users/Jonathan/OneDrive/Escritorio/steel_spx/steel_spx.srcs/sources_1/new/riscv_steel_core.v:195]
INFO: [Synth 8-6157] synthesizing module 'memory_mapper' [C:/Users/Jonathan/OneDrive/Escritorio/steel_spx/steel_spx.srcs/sources_1/new/steel_spx.v:147]
INFO: [Synth 8-6155] done synthesizing module 'memory_mapper' (0#1) [C:/Users/Jonathan/OneDrive/Escritorio/steel_spx/steel_spx.srcs/sources_1/new/steel_spx.v:147]
INFO: [Synth 8-6157] synthesizing module 'dual_port_ram' [C:/Users/Jonathan/OneDrive/Escritorio/steel_spx/steel_spx.srcs/sources_1/new/steel_spx.v:216]
INFO: [Synth 8-3876] $readmem data file 'spx.mem' is read successfully [C:/Users/Jonathan/OneDrive/Escritorio/steel_spx/steel_spx.srcs/sources_1/new/steel_spx.v:238]
INFO: [Synth 8-6155] done synthesizing module 'dual_port_ram' (0#1) [C:/Users/Jonathan/OneDrive/Escritorio/steel_spx/steel_spx.srcs/sources_1/new/steel_spx.v:216]
INFO: [Synth 8-6157] synthesizing module 'uart' [C:/Users/Jonathan/OneDrive/Escritorio/steel_spx/steel_spx.srcs/sources_1/new/steel_spx.v:268]
INFO: [Synth 8-6155] done synthesizing module 'uart' (0#1) [C:/Users/Jonathan/OneDrive/Escritorio/steel_spx/steel_spx.srcs/sources_1/new/steel_spx.v:268]
INFO: [Synth 8-6155] done synthesizing module 'steel_spx' (0#1) [C:/Users/Jonathan/OneDrive/Escritorio/steel_spx/steel_spx.srcs/sources_1/new/steel_spx.v:23]
---------------------------------------------------------------------------------
Finished RTL Elaboration : Time (s): cpu = 00:00:06 ; elapsed = 00:00:07 . Memory (MB): peak = 1325.730 ; gain = 534.441
---------------------------------------------------------------------------------
---------------------------------------------------------------------------------
Start Handling Custom Attributes
---------------------------------------------------------------------------------
---------------------------------------------------------------------------------
Finished Handling Custom Attributes : Time (s): cpu = 00:00:06 ; elapsed = 00:00:07 . Memory (MB): peak = 1325.730 ; gain = 534.441
---------------------------------------------------------------------------------
---------------------------------------------------------------------------------
Finished RTL Optimization Phase 1 : Time (s): cpu = 00:00:06 ; elapsed = 00:00:07 . Memory (MB): peak = 1325.730 ; gain = 534.441
---------------------------------------------------------------------------------
Netlist sorting complete. Time (s): cpu = 00:00:00 ; elapsed = 00:00:00.120 . Memory (MB): peak = 1325.730 ; gain = 0.000
INFO: [Project 1-570] Preparing netlist for logic optimization

Processing XDC Constraints
Initializing timing engine
Parsing XDC File [C:/Users/Jonathan/OneDrive/Escritorio/steel_spx/steel_spx.srcs/constrs_1/new/arty_s7_constraints.xdc]
Finished Parsing XDC File [C:/Users/Jonathan/OneDrive/Escritorio/steel_spx/steel_spx.srcs/constrs_1/new/arty_s7_constraints.xdc]
INFO: [Project 1-236] Implementation specific constraints were found while reading constraint file [C:/Users/Jonathan/OneDrive/Escritorio/steel_spx/steel_spx.srcs/constrs_1/new/arty_s7_constraints.xdc]. These constraints will be ignored for synthesis but will be used in implementation. Impacted constraints are listed in the file [.Xil/steel_spx_propImpl.xdc].
Resolution: To avoid this warning, move constraints listed in [.Xil/steel_spx_propImpl.xdc] to another XDC file and exclude this new file from synthesis with the used_in_synthesis property (File Properties dialog in GUI) and re-run elaboration/synthesis.
Completed Processing XDC Constraints

Netlist sorting complete. Time (s): cpu = 00:00:00 ; elapsed = 00:00:00.001 . Memory (MB): peak = 1402.586 ; gain = 0.000
INFO: [Project 1-111] Unisim Transformation Summary:
No Unisim elements were transformed.

Constraint Validation Runtime : Time (s): cpu = 00:00:00 ; elapsed = 00:00:00.068 . Memory (MB): peak = 1402.586 ; gain = 0.000
INFO: [Synth 8-11241] undeclared symbol 'REGCCE', assumed default net type 'wire' [D:/Xilinx/Vivado/2022.2/data/verilog/src/unimacro/BRAM_SINGLE_MACRO.v:2170]
---------------------------------------------------------------------------------
Finished Constraint Validation : Time (s): cpu = 00:00:12 ; elapsed = 00:00:14 . Memory (MB): peak = 1402.586 ; gain = 611.297
---------------------------------------------------------------------------------
---------------------------------------------------------------------------------
Start Loading Part and Timing Information
---------------------------------------------------------------------------------
Loading part: xc7s50csga324-1
---------------------------------------------------------------------------------
Finished Loading Part and Timing Information : Time (s): cpu = 00:00:12 ; elapsed = 00:00:14 . Memory (MB): peak = 1402.586 ; gain = 611.297
---------------------------------------------------------------------------------
---------------------------------------------------------------------------------
Start Applying 'set_property' XDC Constraints
---------------------------------------------------------------------------------
---------------------------------------------------------------------------------
Finished applying 'set_property' XDC Constraints : Time (s): cpu = 00:00:12 ; elapsed = 00:00:14 . Memory (MB): peak = 1402.586 ; gain = 611.297
---------------------------------------------------------------------------------
---------------------------------------------------------------------------------
Start Preparing Guide Design
---------------------------------------------------------------------------------
CRITICAL WARNING: [Synth 8-6895] The reference checkpoint C:/Users/Jonathan/OneDrive/Escritorio/steel_spx/steel_spx.srcs/utils_1/imports/synth_1/steel_spx.dcp is not suitable for use with incremental synthesis for this design. Please regenerate the checkpoint for this design with -incremental_synth switch in the same Vivado session that synth_design has been run. Synthesis will continue with the default flow
---------------------------------------------------------------------------------
Finished Doing Graph Differ : Time (s): cpu = 00:00:12 ; elapsed = 00:00:15 . Memory (MB): peak = 1402.586 ; gain = 611.297
---------------------------------------------------------------------------------
---------------------------------------------------------------------------------
Finished Preparing Guide Design : Time (s): cpu = 00:00:12 ; elapsed = 00:00:15 . Memory (MB): peak = 1402.586 ; gain = 611.297
---------------------------------------------------------------------------------
INFO: [Synth 8-802] inferred FSM for state register 'current_state_reg' in module 'csr_file'
---------------------------------------------------------------------------------------------------
                   State |                     New Encoding |                Previous Encoding 
---------------------------------------------------------------------------------------------------
*
             STATE_RESET |                             0001 |                             0001
         STATE_OPERATING |                             0010 |                             0010
        STATE_TRAP_TAKEN |                             0100 |                             0100
       STATE_TRAP_RETURN |                             1000 |                             1000
---------------------------------------------------------------------------------------------------
INFO: [Synth 8-3898] No Re-encoding of one hot register 'current_state_reg' in module 'csr_file'
---------------------------------------------------------------------------------
Finished RTL Optimization Phase 2 : Time (s): cpu = 00:00:13 ; elapsed = 00:00:15 . Memory (MB): peak = 1402.586 ; gain = 611.297
---------------------------------------------------------------------------------


Incremental Synthesis Report Summary:

1. Incremental synthesis run: no

   Reason for not running incremental synthesis : 


INFO: [Synth 8-7130] Flow is switching to default flow due to incremental criteria not met. If you would like to alter this behaviour and have the flow terminate instead, please set the following parameter config_implementation {autoIncr.Synth.RejectBehavior Terminate}
---------------------------------------------------------------------------------
Start RTL Component Statistics 
---------------------------------------------------------------------------------
Detailed RTL Component Info : 
+---Adders : 
	   2 Input   64 Bit       Adders := 3     
	   2 Input   32 Bit       Adders := 3     
	   3 Input   32 Bit       Adders := 1     
	   2 Input    4 Bit       Adders := 2     
+---XORs : 
	   5 Input     32 Bit         XORs := 10    
	   2 Input     32 Bit         XORs := 109   
	   3 Input     32 Bit         XORs := 2     
	   2 Input      1 Bit         XORs := 2     
+---Registers : 
	               64 Bit    Registers := 3     
	               32 Bit    Registers := 79    
	               12 Bit    Registers := 1     
	               10 Bit    Registers := 1     
	                8 Bit    Registers := 2     
	                5 Bit    Registers := 1     
	                4 Bit    Registers := 4     
	                3 Bit    Registers := 2     
	                2 Bit    Registers := 1     
	                1 Bit    Registers := 18    
+---RAMs : 
	             500K Bit	(16001 X 32 bit)          RAMs := 1     
+---Muxes : 
	   2 Input   64 Bit        Muxes := 8     
	   4 Input   32 Bit        Muxes := 16    
	   2 Input   32 Bit        Muxes := 145   
	  24 Input   32 Bit        Muxes := 2     
	  18 Input   32 Bit        Muxes := 1     
	   2 Input   31 Bit        Muxes := 1     
	   2 Input   24 Bit        Muxes := 1     
	   2 Input   16 Bit        Muxes := 2     
	   2 Input   10 Bit        Muxes := 2     
	   4 Input    8 Bit        Muxes := 1     
	   2 Input    8 Bit        Muxes := 2     
	  23 Input    5 Bit        Muxes := 1     
	   2 Input    4 Bit        Muxes := 15    
	   4 Input    4 Bit        Muxes := 3     
	   9 Input    4 Bit        Muxes := 1     
	   5 Input    4 Bit        Muxes := 3     
	   3 Input    4 Bit        Muxes := 1     
	   7 Input    3 Bit        Muxes := 2     
	   3 Input    3 Bit        Muxes := 1     
	   5 Input    2 Bit        Muxes := 1     
	   2 Input    2 Bit        Muxes := 1     
	   2 Input    1 Bit        Muxes := 115   
	   6 Input    1 Bit        Muxes := 1     
	   3 Input    1 Bit        Muxes := 2     
---------------------------------------------------------------------------------
Finished RTL Component Statistics 
---------------------------------------------------------------------------------
---------------------------------------------------------------------------------
Start Part Resource Summary
---------------------------------------------------------------------------------
Part Resources:
DSPs: 120 (col length:60)
BRAMs: 150 (col length: RAMB18 60 RAMB36 30)
---------------------------------------------------------------------------------
Finished Part Resource Summary
---------------------------------------------------------------------------------
---------------------------------------------------------------------------------
Start Cross Boundary and Area Optimization
---------------------------------------------------------------------------------
WARNING: [Synth 8-6841] Block RAM (dual_port_ram_instance/ram_reg) originally specified as a Byte Wide Write Enable RAM cannot take advantage of ByteWide feature and is implemented with single write enable per RAM due to following reason.
(address width (14) is more than optimal threshold of 12. Implementing using BWWE will require more logic and timing would be suboptimal. Please use attribute ram_decomp = power if BWWE is desired.)
---------------------------------------------------------------------------------
Finished Cross Boundary and Area Optimization : Time (s): cpu = 00:00:40 ; elapsed = 00:00:42 . Memory (MB): peak = 1587.121 ; gain = 795.832
---------------------------------------------------------------------------------
---------------------------------------------------------------------------------
Start ROM, RAM, DSP, Shift Register and Retiming Reporting
---------------------------------------------------------------------------------

Block RAM: Preliminary Mapping Report (see note below)
+------------+--------------------------------+------------------------+---+---+------------------------+---+---+------------------+--------+--------+
|Module Name | RTL Object                     | PORT A (Depth x Width) | W | R | PORT B (Depth x Width) | W | R | Ports driving FF | RAMB18 | RAMB36 | 
+------------+--------------------------------+------------------------+---+---+------------------------+---+---+------------------+--------+--------+
|steel_spx   | dual_port_ram_instance/ram_reg | 15 K x 32(READ_FIRST)  | W | R | 15 K x 32(WRITE_FIRST) |   | R | Port A and B     | 0      | 16     | 
+------------+--------------------------------+------------------------+---+---+------------------------+---+---+------------------+--------+--------+

Note: The table above is a preliminary report that shows the Block RAMs at the current stage of the synthesis flow. Some Block RAMs may be reimplemented as non Block RAM primitives later in the synthesis flow. Multiple instantiated Block RAMs are reported only once. 
---------------------------------------------------------------------------------
Finished ROM, RAM, DSP, Shift Register and Retiming Reporting
---------------------------------------------------------------------------------
---------------------------------------------------------------------------------
Start Applying XDC Timing Constraints
---------------------------------------------------------------------------------
---------------------------------------------------------------------------------
Finished Applying XDC Timing Constraints : Time (s): cpu = 00:00:43 ; elapsed = 00:00:46 . Memory (MB): peak = 1587.121 ; gain = 795.832
---------------------------------------------------------------------------------
---------------------------------------------------------------------------------
Start Timing Optimization
---------------------------------------------------------------------------------
---------------------------------------------------------------------------------
Finished Timing Optimization : Time (s): cpu = 00:00:44 ; elapsed = 00:00:47 . Memory (MB): peak = 1587.121 ; gain = 795.832
---------------------------------------------------------------------------------
---------------------------------------------------------------------------------
Start ROM, RAM, DSP, Shift Register and Retiming Reporting
---------------------------------------------------------------------------------

Block RAM: Final Mapping Report
+------------+--------------------------------+------------------------+---+---+------------------------+---+---+------------------+--------+--------+
|Module Name | RTL Object                     | PORT A (Depth x Width) | W | R | PORT B (Depth x Width) | W | R | Ports driving FF | RAMB18 | RAMB36 | 
+------------+--------------------------------+------------------------+---+---+------------------------+---+---+------------------+--------+--------+
|steel_spx   | dual_port_ram_instance/ram_reg | 15 K x 32(READ_FIRST)  | W | R | 15 K x 32(WRITE_FIRST) |   | R | Port A and B     | 0      | 16     | 
+------------+--------------------------------+------------------------+---+---+------------------------+---+---+------------------+--------+--------+

---------------------------------------------------------------------------------
Finished ROM, RAM, DSP, Shift Register and Retiming Reporting
---------------------------------------------------------------------------------
---------------------------------------------------------------------------------
Start Technology Mapping
---------------------------------------------------------------------------------
INFO: [Synth 8-7052] The timing for the instance dual_port_ram_instance/ram_reg_0_0 (implemented as a Block RAM) might be sub-optimal as no optional output register could be merged into the ram block. Providing additional output register may help in improving timing.
INFO: [Synth 8-7052] The timing for the instance dual_port_ram_instance/ram_reg_0_0 (implemented as a Block RAM) might be sub-optimal as no optional output register could be merged into the ram block. Providing additional output register may help in improving timing.
INFO: [Synth 8-7052] The timing for the instance dual_port_ram_instance/ram_reg_0_1 (implemented as a Block RAM) might be sub-optimal as no optional output register could be merged into the ram block. Providing additional output register may help in improving timing.
INFO: [Synth 8-7052] The timing for the instance dual_port_ram_instance/ram_reg_0_1 (implemented as a Block RAM) might be sub-optimal as no optional output register could be merged into the ram block. Providing additional output register may help in improving timing.
INFO: [Synth 8-7052] The timing for the instance dual_port_ram_instance/ram_reg_0_2 (implemented as a Block RAM) might be sub-optimal as no optional output register could be merged into the ram block. Providing additional output register may help in improving timing.
INFO: [Synth 8-7052] The timing for the instance dual_port_ram_instance/ram_reg_0_2 (implemented as a Block RAM) might be sub-optimal as no optional output register could be merged into the ram block. Providing additional output register may help in improving timing.
INFO: [Synth 8-7052] The timing for the instance dual_port_ram_instance/ram_reg_0_3 (implemented as a Block RAM) might be sub-optimal as no optional output register could be merged into the ram block. Providing additional output register may help in improving timing.
INFO: [Synth 8-7052] The timing for the instance dual_port_ram_instance/ram_reg_0_3 (implemented as a Block RAM) might be sub-optimal as no optional output register could be merged into the ram block. Providing additional output register may help in improving timing.
INFO: [Synth 8-7052] The timing for the instance dual_port_ram_instance/ram_reg_1_0 (implemented as a Block RAM) might be sub-optimal as no optional output register could be merged into the ram block. Providing additional output register may help in improving timing.
INFO: [Synth 8-7052] The timing for the instance dual_port_ram_instance/ram_reg_1_0 (implemented as a Block RAM) might be sub-optimal as no optional output register could be merged into the ram block. Providing additional output register may help in improving timing.
INFO: [Synth 8-7052] The timing for the instance dual_port_ram_instance/ram_reg_1_1 (implemented as a Block RAM) might be sub-optimal as no optional output register could be merged into the ram block. Providing additional output register may help in improving timing.
INFO: [Synth 8-7052] The timing for the instance dual_port_ram_instance/ram_reg_1_1 (implemented as a Block RAM) might be sub-optimal as no optional output register could be merged into the ram block. Providing additional output register may help in improving timing.
INFO: [Synth 8-7052] The timing for the instance dual_port_ram_instance/ram_reg_1_2 (implemented as a Block RAM) might be sub-optimal as no optional output register could be merged into the ram block. Providing additional output register may help in improving timing.
INFO: [Synth 8-7052] The timing for the instance dual_port_ram_instance/ram_reg_1_2 (implemented as a Block RAM) might be sub-optimal as no optional output register could be merged into the ram block. Providing additional output register may help in improving timing.
INFO: [Synth 8-7052] The timing for the instance dual_port_ram_instance/ram_reg_1_3 (implemented as a Block RAM) might be sub-optimal as no optional output register could be merged into the ram block. Providing additional output register may help in improving timing.
INFO: [Synth 8-7052] The timing for the instance dual_port_ram_instance/ram_reg_1_3 (implemented as a Block RAM) might be sub-optimal as no optional output register could be merged into the ram block. Providing additional output register may help in improving timing.
INFO: [Synth 8-7052] The timing for the instance dual_port_ram_instance/ram_reg_2_0 (implemented as a Block RAM) might be sub-optimal as no optional output register could be merged into the ram block. Providing additional output register may help in improving timing.
INFO: [Synth 8-7052] The timing for the instance dual_port_ram_instance/ram_reg_2_0 (implemented as a Block RAM) might be sub-optimal as no optional output register could be merged into the ram block. Providing additional output register may help in improving timing.
INFO: [Synth 8-7052] The timing for the instance dual_port_ram_instance/ram_reg_2_1 (implemented as a Block RAM) might be sub-optimal as no optional output register could be merged into the ram block. Providing additional output register may help in improving timing.
INFO: [Synth 8-7052] The timing for the instance dual_port_ram_instance/ram_reg_2_1 (implemented as a Block RAM) might be sub-optimal as no optional output register could be merged into the ram block. Providing additional output register may help in improving timing.
INFO: [Synth 8-7052] The timing for the instance dual_port_ram_instance/ram_reg_2_2 (implemented as a Block RAM) might be sub-optimal as no optional output register could be merged into the ram block. Providing additional output register may help in improving timing.
INFO: [Synth 8-7052] The timing for the instance dual_port_ram_instance/ram_reg_2_2 (implemented as a Block RAM) might be sub-optimal as no optional output register could be merged into the ram block. Providing additional output register may help in improving timing.
INFO: [Synth 8-7052] The timing for the instance dual_port_ram_instance/ram_reg_2_3 (implemented as a Block RAM) might be sub-optimal as no optional output register could be merged into the ram block. Providing additional output register may help in improving timing.
INFO: [Synth 8-7052] The timing for the instance dual_port_ram_instance/ram_reg_2_3 (implemented as a Block RAM) might be sub-optimal as no optional output register could be merged into the ram block. Providing additional output register may help in improving timing.
INFO: [Synth 8-7052] The timing for the instance dual_port_ram_instance/ram_reg_3_0 (implemented as a Block RAM) might be sub-optimal as no optional output register could be merged into the ram block. Providing additional output register may help in improving timing.
INFO: [Synth 8-7052] The timing for the instance dual_port_ram_instance/ram_reg_3_0 (implemented as a Block RAM) might be sub-optimal as no optional output register could be merged into the ram block. Providing additional output register may help in improving timing.
INFO: [Synth 8-7052] The timing for the instance dual_port_ram_instance/ram_reg_3_1 (implemented as a Block RAM) might be sub-optimal as no optional output register could be merged into the ram block. Providing additional output register may help in improving timing.
INFO: [Synth 8-7052] The timing for the instance dual_port_ram_instance/ram_reg_3_1 (implemented as a Block RAM) might be sub-optimal as no optional output register could be merged into the ram block. Providing additional output register may help in improving timing.
INFO: [Synth 8-7052] The timing for the instance dual_port_ram_instance/ram_reg_3_2 (implemented as a Block RAM) might be sub-optimal as no optional output register could be merged into the ram block. Providing additional output register may help in improving timing.
INFO: [Synth 8-7052] The timing for the instance dual_port_ram_instance/ram_reg_3_2 (implemented as a Block RAM) might be sub-optimal as no optional output register could be merged into the ram block. Providing additional output register may help in improving timing.
INFO: [Synth 8-7052] The timing for the instance dual_port_ram_instance/ram_reg_3_3 (implemented as a Block RAM) might be sub-optimal as no optional output register could be merged into the ram block. Providing additional output register may help in improving timing.
INFO: [Synth 8-7052] The timing for the instance dual_port_ram_instance/ram_reg_3_3 (implemented as a Block RAM) might be sub-optimal as no optional output register could be merged into the ram block. Providing additional output register may help in improving timing.
---------------------------------------------------------------------------------
Finished Technology Mapping : Time (s): cpu = 00:00:47 ; elapsed = 00:00:50 . Memory (MB): peak = 1587.121 ; gain = 795.832
---------------------------------------------------------------------------------
---------------------------------------------------------------------------------
Start IO Insertion
---------------------------------------------------------------------------------
---------------------------------------------------------------------------------
Start Flattening Before IO Insertion
---------------------------------------------------------------------------------
---------------------------------------------------------------------------------
Finished Flattening Before IO Insertion
---------------------------------------------------------------------------------
---------------------------------------------------------------------------------
Start Final Netlist Cleanup
---------------------------------------------------------------------------------
---------------------------------------------------------------------------------
Finished Final Netlist Cleanup
---------------------------------------------------------------------------------
---------------------------------------------------------------------------------
Finished IO Insertion : Time (s): cpu = 00:00:51 ; elapsed = 00:00:54 . Memory (MB): peak = 1587.121 ; gain = 795.832
---------------------------------------------------------------------------------
---------------------------------------------------------------------------------
Start Renaming Generated Instances
---------------------------------------------------------------------------------
---------------------------------------------------------------------------------
Finished Renaming Generated Instances : Time (s): cpu = 00:00:51 ; elapsed = 00:00:54 . Memory (MB): peak = 1587.121 ; gain = 795.832
---------------------------------------------------------------------------------
---------------------------------------------------------------------------------
Start Rebuilding User Hierarchy
---------------------------------------------------------------------------------
---------------------------------------------------------------------------------
Finished Rebuilding User Hierarchy : Time (s): cpu = 00:00:51 ; elapsed = 00:00:54 . Memory (MB): peak = 1587.121 ; gain = 795.832
---------------------------------------------------------------------------------
---------------------------------------------------------------------------------
Start Renaming Generated Ports
---------------------------------------------------------------------------------
---------------------------------------------------------------------------------
Finished Renaming Generated Ports : Time (s): cpu = 00:00:51 ; elapsed = 00:00:54 . Memory (MB): peak = 1587.121 ; gain = 795.832
---------------------------------------------------------------------------------
---------------------------------------------------------------------------------
Start Handling Custom Attributes
---------------------------------------------------------------------------------
---------------------------------------------------------------------------------
Finished Handling Custom Attributes : Time (s): cpu = 00:00:52 ; elapsed = 00:00:55 . Memory (MB): peak = 1587.121 ; gain = 795.832
---------------------------------------------------------------------------------
---------------------------------------------------------------------------------
Start Renaming Generated Nets
---------------------------------------------------------------------------------
---------------------------------------------------------------------------------
Finished Renaming Generated Nets : Time (s): cpu = 00:00:52 ; elapsed = 00:00:55 . Memory (MB): peak = 1587.121 ; gain = 795.832
---------------------------------------------------------------------------------
---------------------------------------------------------------------------------
Start Writing Synthesis Report
---------------------------------------------------------------------------------

Report BlackBoxes: 
+-+--------------+----------+
| |BlackBox name |Instances |
+-+--------------+----------+
+-+--------------+----------+

Report Cell Usage: 
+------+---------+------+
|      |Cell     |Count |
+------+---------+------+
|1     |BUFG     |     2|
|2     |CARRY4   |   107|
|3     |LUT1     |     7|
|4     |LUT2     |  1510|
|5     |LUT3     |   302|
|6     |LUT4     |   229|
|7     |LUT5     |   814|
|8     |LUT6     |  3635|
|9     |MUXF7    |   288|
|10    |MUXF8    |    64|
|11    |RAMB36E1 |    16|
|27    |FDRE     |  2642|
|28    |FDSE     |    10|
|29    |IBUF     |     3|
|30    |OBUF     |     1|
+------+---------+------+
---------------------------------------------------------------------------------
Finished Writing Synthesis Report : Time (s): cpu = 00:00:52 ; elapsed = 00:00:55 . Memory (MB): peak = 1587.121 ; gain = 795.832
---------------------------------------------------------------------------------
Synthesis finished with 0 errors, 1 critical warnings and 2 warnings.
Synthesis Optimization Runtime : Time (s): cpu = 00:00:44 ; elapsed = 00:00:52 . Memory (MB): peak = 1587.121 ; gain = 718.977
Synthesis Optimization Complete : Time (s): cpu = 00:00:52 ; elapsed = 00:00:55 . Memory (MB): peak = 1587.121 ; gain = 795.832
INFO: [Project 1-571] Translating synthesized netlist
Netlist sorting complete. Time (s): cpu = 00:00:00 ; elapsed = 00:00:00.131 . Memory (MB): peak = 1587.121 ; gain = 0.000
INFO: [Netlist 29-17] Analyzing 475 Unisim elements for replacement
INFO: [Netlist 29-28] Unisim Transformation completed in 0 CPU seconds
INFO: [Project 1-570] Preparing netlist for logic optimization
INFO: [Opt 31-138] Pushed 0 inverter(s) to 0 load pin(s).
Netlist sorting complete. Time (s): cpu = 00:00:00 ; elapsed = 00:00:00.002 . Memory (MB): peak = 1587.121 ; gain = 0.000
INFO: [Project 1-111] Unisim Transformation Summary:
No Unisim elements were transformed.

Synth Design complete, checksum: f43f99f6
INFO: [Common 17-83] Releasing license: Synthesis
136 Infos, 1 Warnings, 1 Critical Warnings and 0 Errors encountered.
synth_design completed successfully
synth_design: Time (s): cpu = 00:00:55 ; elapsed = 00:01:02 . Memory (MB): peak = 1587.121 ; gain = 1169.527
INFO: [runtcl-6] Synthesis results are not added to the cache due to CRITICAL_WARNING
INFO: [Common 17-1381] The checkpoint 'C:/Users/Jonathan/OneDrive/Escritorio/steel_spx/steel_spx.runs/synth_1/steel_spx.dcp' has been generated.
INFO: [runtcl-4] Executing : report_utilization -file steel_spx_utilization_synth.rpt -pb steel_spx_utilization_synth.pb
INFO: [Common 17-206] Exiting Vivado at Thu Aug 24 18:18:43 2023...
